<?xml version="1.0" encoding="UTF-8"?>
<coverage generated="1641560711187" clover="3.2.0">
  <project timestamp="1641560711187" name="All files">
    <metrics statements="15" coveredstatements="7" conditionals="2" coveredconditionals="0" methods="1" coveredmethods="1" elements="18" coveredelements="8" complexity="0" loc="15" ncloc="15" packages="2" files="2" classes="2"/>
    <package name="modules.user.useCases.createUser.services">
      <metrics statements="12" coveredstatements="4" conditionals="2" coveredconditionals="0" methods="1" coveredmethods="1"/>
      <file name="createUserService.ts" path="/Users/antoniobernardinodasilva/Desktop/Projects/peoplelitcs/backend/src/modules/user/useCases/createUser/services/createUserService.ts">
        <metrics statements="12" coveredstatements="4" conditionals="2" coveredconditionals="0" methods="1" coveredmethods="1"/>
        <line num="1" count="1" type="stmt"/>
        <line num="2" count="1" type="stmt"/>
        <line num="13" count="1" type="stmt"/>
        <line num="16" count="1" type="stmt"/>
        <line num="22" count="0" type="stmt"/>
        <line num="28" count="0" type="cond" truecount="0" falsecount="1"/>
        <line num="29" count="0" type="stmt"/>
        <line num="32" count="0" type="cond" truecount="0" falsecount="1"/>
        <line num="33" count="0" type="stmt"/>
        <line num="36" count="0" type="stmt"/>
        <line num="38" count="0" type="stmt"/>
        <line num="46" count="0" type="stmt"/>
      </file>
    </package>
    <package name="shared.infra.database">
      <metrics statements="3" coveredstatements="3" conditionals="0" coveredconditionals="0" methods="0" coveredmethods="0"/>
      <file name="prismaClient.ts" path="/Users/antoniobernardinodasilva/Desktop/Projects/peoplelitcs/backend/src/shared/infra/database/prismaClient.ts">
        <metrics statements="3" coveredstatements="3" conditionals="0" coveredconditionals="0" methods="0" coveredmethods="0"/>
        <line num="1" count="1" type="stmt"/>
        <line num="3" count="1" type="stmt"/>
        <line num="5" count="1" type="stmt"/>
      </file>
    </package>
  </project>
</coverage>
