{"/Users/antoniobernardinodasilva/Desktop/Projects/peoplelitcs/backend/src/modules/user/useCases/createUser/services/createUserService.ts": {"path":"/Users/antoniobernardinodasilva/Desktop/Projects/peoplelitcs/backend/src/modules/user/useCases/createUser/services/createUserService.ts","statementMap":{"0":{"start":{"line":1,"column":0},"end":{"line":1,"column":30}},"1":{"start":{"line":2,"column":0},"end":{"line":2,"column":75}},"2":{"start":{"line":16,"column":34},"end":{"line":20,"column":10}},"3":{"start":{"line":22,"column":33},"end":{"line":26,"column":10}},"4":{"start":{"line":28,"column":8},"end":{"line":30,"column":null}},"5":{"start":{"line":29,"column":12},"end":{"line":29,"column":null}},"6":{"start":{"line":32,"column":8},"end":{"line":34,"column":null}},"7":{"start":{"line":33,"column":12},"end":{"line":33,"column":null}},"8":{"start":{"line":36,"column":29},"end":{"line":36,"column":53}},"9":{"start":{"line":38,"column":23},"end":{"line":44,"column":10}},"10":{"start":{"line":46,"column":8},"end":{"line":46,"column":22}},"11":{"start":{"line":13,"column":0},"end":{"line":13,"column":13}}},"fnMap":{"0":{"name":"(anonymous_7)","decl":{"start":{"line":14,"column":10},"end":{"line":14,"column":17}},"loc":{"start":{"line":14,"column":57},"end":{"line":47,"column":null}}}},"branchMap":{"0":{"loc":{"start":{"line":28,"column":8},"end":{"line":30,"column":null}},"type":"if","locations":[{"start":{"line":28,"column":8},"end":{"line":30,"column":null}}]},"1":{"loc":{"start":{"line":32,"column":8},"end":{"line":34,"column":null}},"type":"if","locations":[{"start":{"line":32,"column":8},"end":{"line":34,"column":null}}]}},"s":{"0":1,"1":1,"2":1,"3":0,"4":0,"5":0,"6":0,"7":0,"8":0,"9":0,"10":0,"11":1},"f":{"0":1},"b":{"0":[0],"1":[0]}}
,"/Users/antoniobernardinodasilva/Desktop/Projects/peoplelitcs/backend/src/shared/infra/database/prismaClient.ts": {"path":"/Users/antoniobernardinodasilva/Desktop/Projects/peoplelitcs/backend/src/shared/infra/database/prismaClient.ts","statementMap":{"0":{"start":{"line":1,"column":0},"end":{"line":1,"column":46}},"1":{"start":{"line":3,"column":15},"end":{"line":3,"column":33}},"2":{"start":{"line":5,"column":9},"end":{"line":5,"column":15}}},"fnMap":{},"branchMap":{},"s":{"0":1,"1":1,"2":1},"f":{},"b":{}}
}
